<?xml version="1.0" encoding="UTF-8"?>
<!-- Generated by org.testng.reporters.JUnitReportReporter -->
<testsuite hostname="DESKTOP-J4DOH0P" failures="0" tests="2" name="com.capsuleCrm.TestCases.TestCase" time="43.995" errors="0" timestamp="02 Jun 2019 13:32:20 GMT" skipped="0">
  <testcase classname="com.capsuleCrm.TestCases.TestCase" name="AgentVerification" time="17.287"/>
  <testcase classname="com.capsuleCrm.TestCases.TestCase" name="VerifyAccountSettingsOptionsTest" time="26.708"/>
</testsuite> <!-- com.capsuleCrm.TestCases.TestCase -->
