<?xml version="1.0" encoding="UTF-8"?>
<!-- Generated by org.testng.reporters.JUnitReportReporter -->
<testsuite hostname="DESKTOP-J4DOH0P" failures="0" tests="2" name="com.capsuleCrm.TestCases.TestCase" time="30.072" errors="0" timestamp="01 Jun 2019 20:29:27 GMT" skipped="1">
  <testcase classname="com.capsuleCrm.TestCases.TestCase" name="VerifyAccountSettingsOptionsTest" time="30.072"/>
  <testcase classname="com.capsuleCrm.TestCases.TestCase" name="AgentVerification">
    <skipped/>
  </testcase> <!-- AgentVerification -->
</testsuite> <!-- com.capsuleCrm.TestCases.TestCase -->
