<?xml version="1.0" encoding="UTF-8"?>
<!-- Generated by org.testng.reporters.JUnitReportReporter -->
<testsuite hostname="DESKTOP-J4DOH0P" failures="0" tests="2" name="com.capsuleCrm.TestCases.TestCase1" time="7.157" errors="1" timestamp="01 Jun 2019 16:17:36 GMT" skipped="1">
  <testcase classname="com.capsuleCrm.TestCases.TestCase1" name="VerifyAccountSettingsOptionsTest" time="7.157">
    <error message="Unresolved compilation problems: 
	The method VerifyPageHeader() is undefined for the type AccountSettingsPage
	The method VerifyHeader() is undefined for the type AccountPage
	The method VerifyHeader() is undefined for the type InvoicesPage
	The method VerifyHeader() is undefined for the type ExportPage
	The method VerifyHeader() is undefined for the type AppearancePage
	The method VerifyUploadedLogo() is undefined for the type AppearancePage
	The method VerifyHeader() is undefined for the type MailDropBoxPage
	The method VerifyHeader() is undefined for the type UsersPage
	The method VerifyUserCreated() is undefined for the type UsersPage
	The method VerifyHeader() is undefined for the type OpportunitiesPage
	The method VerifyTheCategory() is undefined for the type OpportunitiesPage
	The method VerifyHeader() is undefined for the type TracksPage
	The method VerifyTheTrackCreated() is undefined for the type TracksPage
	The method VerifyHeader() is undefined for the type TaskCategoriesPage
	The method VerifyTheCategoryCreated() is undefined for the type TaskCategoriesPage
	The method VerifyHeader() is undefined for the type CustomFieldsPage
	The method VerifyTheTagCreated() is undefined for the type TagsPage
	The method VerifyHeader() is undefined for the type IntegrationsPage
	The method VerifyHeader() is undefined for the type TrashPage
" type="java.lang.Error">
      <![CDATA[java.lang.Error: Unresolved compilation problems: 
The method VerifyPageHeader() is undefined for the type AccountSettingsPage
The method VerifyHeader() is undefined for the type AccountPage
The method VerifyHeader() is undefined for the type InvoicesPage
The method VerifyHeader() is undefined for the type ExportPage
The method VerifyHeader() is undefined for the type AppearancePage
The method VerifyUploadedLogo() is undefined for the type AppearancePage
The method VerifyHeader() is undefined for the type MailDropBoxPage
The method VerifyHeader() is undefined for the type UsersPage
The method VerifyUserCreated() is undefined for the type UsersPage
The method VerifyHeader() is undefined for the type OpportunitiesPage
The method VerifyTheCategory() is undefined for the type OpportunitiesPage
The method VerifyHeader() is undefined for the type TracksPage
The method VerifyTheTrackCreated() is undefined for the type TracksPage
The method VerifyHeader() is undefined for the type TaskCategoriesPage
The method VerifyTheCategoryCreated() is undefined for the type TaskCategoriesPage
The method VerifyHeader() is undefined for the type CustomFieldsPage
The method VerifyTheTagCreated() is undefined for the type TagsPage
The method VerifyHeader() is undefined for the type IntegrationsPage
The method VerifyHeader() is undefined for the type TrashPage

at com.capsuleCrm.TestCases.TestCase1.VerifyAccountSettingsOptionsTest(TestCase1.java:122)
at java.base/jdk.internal.reflect.NativeMethodAccessorImpl.invoke0(Native Method)
at java.base/jdk.internal.reflect.NativeMethodAccessorImpl.invoke(NativeMethodAccessorImpl.java:62)
at java.base/jdk.internal.reflect.DelegatingMethodAccessorImpl.invoke(DelegatingMethodAccessorImpl.java:43)
at java.base/java.lang.reflect.Method.invoke(Method.java:566)
at org.testng.internal.MethodInvocationHelper.invokeMethod(MethodInvocationHelper.java:124)
at org.testng.internal.Invoker.invokeMethod(Invoker.java:583)
at org.testng.internal.Invoker.invokeTestMethod(Invoker.java:719)
at org.testng.internal.Invoker.invokeTestMethods(Invoker.java:989)
at org.testng.internal.TestMethodWorker.invokeTestMethods(TestMethodWorker.java:125)
at org.testng.internal.TestMethodWorker.run(TestMethodWorker.java:109)
at org.testng.TestRunner.privateRun(TestRunner.java:648)
at org.testng.TestRunner.run(TestRunner.java:505)
at org.testng.SuiteRunner.runTest(SuiteRunner.java:455)
at org.testng.SuiteRunner.runSequentially(SuiteRunner.java:450)
at org.testng.SuiteRunner.privateRun(SuiteRunner.java:415)
at org.testng.SuiteRunner.run(SuiteRunner.java:364)
at org.testng.SuiteRunnerWorker.runSuite(SuiteRunnerWorker.java:52)
at org.testng.SuiteRunnerWorker.run(SuiteRunnerWorker.java:84)
at org.testng.TestNG.runSuitesSequentially(TestNG.java:1208)
at org.testng.TestNG.runSuitesLocally(TestNG.java:1137)
at org.testng.TestNG.runSuites(TestNG.java:1049)
at org.testng.TestNG.run(TestNG.java:1017)
at org.testng.remote.AbstractRemoteTestNG.run(AbstractRemoteTestNG.java:115)
at org.testng.remote.RemoteTestNG.initAndRun(RemoteTestNG.java:251)
at org.testng.remote.RemoteTestNG.main(RemoteTestNG.java:77)
]]>
    </error>
  </testcase> <!-- VerifyAccountSettingsOptionsTest -->
  <testcase classname="com.capsuleCrm.TestCases.TestCase1" name="AgentVerification">
    <skipped/>
  </testcase> <!-- AgentVerification -->
</testsuite> <!-- com.capsuleCrm.TestCases.TestCase1 -->
