<?xml version="1.0" encoding="UTF-8"?>
<!-- Generated by org.testng.reporters.JUnitReportReporter -->
<testsuite hostname="DESKTOP-J4DOH0P" failures="0" tests="2" name="com.capsuleCrm.TestCases.TestCase" time="48.066" errors="0" timestamp="01 Jun 2019 20:50:59 GMT" skipped="0">
  <testcase classname="com.capsuleCrm.TestCases.TestCase" name="AgentVerification" time="19.981"/>
  <testcase classname="com.capsuleCrm.TestCases.TestCase" name="VerifyAccountSettingsOptionsTest" time="28.085"/>
</testsuite> <!-- com.capsuleCrm.TestCases.TestCase -->
